0 verbose cli /data/data/com.termux/files/usr/bin/node /data/data/com.termux/files/usr/bin/npm
1 info using npm@9.2.0
2 info using node@v19.4.0
3 timing npm:load:whichnode Completed in 2ms
4 timing config:load:defaults Completed in 9ms
5 timing config:load:file:/data/data/com.termux/files/usr/lib/node_modules/npm/npmrc Completed in 3ms
6 timing config:load:builtin Completed in 5ms
7 timing config:load:cli Completed in 8ms
8 timing config:load:env Completed in 2ms
9 timing config:load:file:/storage/emulated/0/Download/PanelSync/.npmrc Completed in 2ms
10 timing config:load:project Completed in 61ms
11 timing config:load:file:/data/data/com.termux/files/home/.npmrc Completed in 10ms
12 timing config:load:user Completed in 11ms
13 timing config:load:file:/data/data/com.termux/files/usr/etc/npmrc Completed in 1ms
14 timing config:load:global Completed in 1ms
15 timing config:load:setEnvs Completed in 5ms
16 timing config:load Completed in 108ms
17 timing npm:load:configload Completed in 109ms
18 timing npm:load:mkdirpcache Completed in 1ms
19 timing npm:load:mkdirplogs Completed in 1ms
20 verbose title npm install
21 verbose argv "install"
22 timing npm:load:setTitle Completed in 8ms
23 timing config:load:flatten Completed in 20ms
24 timing npm:load:display Completed in 26ms
25 verbose logfile logs-max:10 dir:/data/data/com.termux/files/home/.npm/_logs/2023-02-05T00_46_07_658Z-
26 verbose logfile /data/data/com.termux/files/home/.npm/_logs/2023-02-05T00_46_07_658Z-debug-0.log
27 timing npm:load:logFile Completed in 31ms
28 timing npm:load:timers Completed in 0ms
29 timing npm:load:configScope Completed in 0ms
30 timing npm:load Completed in 182ms
31 silly logfile start cleaning logs, removing 1 files
32 timing config:load:flatten Completed in 4ms
33 timing arborist:ctor Completed in 5ms
34 silly logfile done cleaning log files
35 timing idealTree:init Completed in 5007ms
36 timing idealTree:userRequests Completed in 2ms
37 silly idealTree buildDeps
38 silly fetch manifest @adiwajshing/baileys@github:BrunoSobrino/baileys
39 silly fetch manifest @adiwajshing/keyed-db@^0.2.4
40 http fetch GET 200 https://registry.npmjs.org/@adiwajshing%2fkeyed-db 2729ms (cache miss)
41 silly fetch manifest jimp@*
42 http fetch GET 200 https://registry.npmjs.org/jimp 4695ms (cache miss)
43 silly fetch manifest jimp@^0.16.1
44 silly fetch manifest link-preview-js@^2.1.13
45 http fetch GET 200 https://registry.npmjs.org/link-preview-js 1109ms (cache miss)
46 silly fetch manifest qrcode-terminal@^0.12.0
47 http fetch GET 200 https://registry.npmjs.org/qrcode-terminal 233ms (cache miss)
48 silly fetch manifest sharp@^0.30.5
49 http fetch GET 200 https://registry.npmjs.org/sharp 2243ms (cache miss)
50 silly fetch manifest @vitalets/google-translate-api@^8.0.0
51 http fetch GET 200 https://registry.npmjs.org/@vitalets%2fgoogle-translate-api 381ms (cache miss)
52 silly fetch manifest acrcloud@^1.4.0
53 http fetch GET 200 https://registry.npmjs.org/acrcloud 125ms (cache miss)
54 silly fetch manifest emoji-api@^1.0.2
55 http fetch GET 200 https://registry.npmjs.org/emoji-api 1071ms (cache miss)
56 silly fetch manifest fb-downloader-scrapper@^1.0.1
57 http fetch GET 200 https://registry.npmjs.org/fb-downloader-scrapper 1098ms (cache miss)
58 silly fetch manifest fs@^0.0.1-security
59 http fetch GET 200 https://registry.npmjs.org/fs 1029ms (cache miss)
60 silly fetch manifest fg-ig@^0.0.1
61 http fetch GET 200 https://registry.npmjs.org/fg-ig 1104ms (cache miss)
62 silly fetch manifest glob-fs@^0.1.7
63 http fetch GET 200 https://registry.npmjs.org/glob-fs 956ms (cache miss)
64 silly fetch manifest hispamemes@^1.0.7
65 http fetch GET 200 https://registry.npmjs.org/hispamemes 521ms (cache miss)
66 silly fetch manifest hxz-api@^1.0.1
67 http fetch GET 200 https://registry.npmjs.org/hxz-api 90ms (cache miss)
68 silly fetch manifest node-os-utils@^1.3.6
69 http fetch GET 200 https://registry.npmjs.org/node-os-utils 422ms (cache miss)
70 silly fetch manifest translate-google-api@^1.0.4
71 http fetch GET 200 https://registry.npmjs.org/translate-google-api 992ms (cache miss)
72 silly placeDep ROOT @adiwajshing/baileys@4.4.0 REPLACE for: MeixganBot-MD@1.3.7 want: github:BrunoSobrino/baileys
73 silly placeDep ROOT @vitalets/google-translate-api@8.0.0 OK for: MeixganBot-MD@1.3.7 want: ^8.0.0
74 silly placeDep ROOT acrcloud@1.4.0 OK for: MeixganBot-MD@1.3.7 want: ^1.4.0
75 silly placeDep ROOT emoji-api@1.0.2 REPLACE for: MeixganBot-MD@1.3.7 want: ^1.0.2
76 silly placeDep ROOT fb-downloader-scrapper@1.0.3 OK for: MeixganBot-MD@1.3.7 want: ^1.0.1
77 silly placeDep ROOT fg-ig@0.0.1 OK for: MeixganBot-MD@1.3.7 want: ^0.0.1
78 silly placeDep ROOT fs@0.0.1-security OK for: MeixganBot-MD@1.3.7 want: ^0.0.1-security
79 silly placeDep ROOT glob-fs@0.1.7 OK for: MeixganBot-MD@1.3.7 want: ^0.1.7
80 silly placeDep ROOT hispamemes@1.0.7 OK for: MeixganBot-MD@1.3.7 want: ^1.0.7
81 silly placeDep ROOT hxz-api@1.0.1 OK for: MeixganBot-MD@1.3.7 want: ^1.0.1
82 silly placeDep ROOT node-os-utils@1.3.7 OK for: MeixganBot-MD@1.3.7 want: ^1.3.6
83 silly placeDep ROOT translate-google-api@1.0.4 OK for: MeixganBot-MD@1.3.7 want: ^1.0.4
84 silly fetch manifest libsignal@github:ferhacks/libsignal-node#dev/logger
85 silly fetch manifest configstore@^5.0.1
86 silly fetch manifest got@^9.6.0
87 silly fetch manifest form-data@^2.5.1
88 silly fetch manifest node-fetch@^2.6.0
89 silly fetch manifest jsdom@^16.4.0
90 silly fetch manifest axios@^0.27.2
91 silly fetch manifest bing-scraper@^1.4.11
92 silly fetch manifest javascript-obfuscator@^4.0.0
93 silly fetch manifest async@^1.3.0
94 silly fetch manifest bluebird@^2.9.33
95 silly fetch manifest ends-with@^0.2.0
96 silly fetch manifest export-files@^2.0.1
97 silly fetch manifest extend-shallow@^2.0.0
98 silly fetch manifest get-value@^1.1.5
99 silly fetch manifest glob-fs-dotfiles@^0.1.6
100 silly fetch manifest glob-fs-gitignore@^0.1.5
101 silly fetch manifest glob-parent@^1.2.0
102 silly fetch manifest is-dotdir@^0.1.0
103 silly fetch manifest is-dotfile@^1.0.1
104 silly fetch manifest is-glob@^2.0.0
105 silly fetch manifest is-windows@^0.1.0
106 silly fetch manifest kind-of@^2.0.0
107 silly fetch manifest lazy-cache@^0.1.0
108 silly fetch manifest micromatch@github:jonschlinkert/micromatch#2.2.0
109 silly fetch manifest mixin-object@^2.0.0
110 silly fetch manifest object-visit@^0.1.0
111 silly fetch manifest object.omit@^1.1.0
112 silly fetch manifest parse-filepath@^0.6.1
113 silly fetch manifest relative@^3.0.1
114 silly fetch manifest set-value@^0.2.0
115 silly fetch manifest starts-with@^1.0.2
116 silly fetch manifest through2@^2.0.0
117 silly fetch manifest discord.js@^13.9.0
118 silly fetch manifest axios@^0.21.1
119 silly fetch manifest axios@^0.20.0
120 http fetch GET 200 https://registry.npmjs.org/configstore 681ms (cache miss)
121 http fetch GET 200 https://registry.npmjs.org/ends-with 1814ms (cache miss)
122 http fetch GET 200 https://registry.npmjs.org/glob-fs-gitignore 1793ms (cache miss)
123 http fetch GET 200 https://registry.npmjs.org/glob-parent 1968ms (cache miss)
124 http fetch GET 200 https://registry.npmjs.org/extend-shallow 2523ms (cache miss)
125 http fetch GET 200 https://registry.npmjs.org/is-dotdir 2826ms (cache miss)
126 http fetch GET 200 https://registry.npmjs.org/is-windows 2839ms (cache miss)
127 http fetch GET 200 https://registry.npmjs.org/is-dotfile 2854ms (cache miss)
128 http fetch GET 200 https://registry.npmjs.org/kind-of 2889ms (cache miss)
129 http fetch GET 200 https://registry.npmjs.org/lazy-cache 3033ms (cache miss)
130 http fetch GET 200 https://registry.npmjs.org/is-glob 3095ms (cache miss)
131 http fetch GET 200 https://registry.npmjs.org/object-visit 3085ms (cache miss)
132 http fetch GET 200 https://registry.npmjs.org/bing-scraper 3365ms (cache miss)
133 http fetch GET 200 https://registry.npmjs.org/node-fetch 3576ms (cache miss)
134 http fetch GET 200 https://registry.npmjs.org/set-value 3643ms (cache miss)
135 http fetch GET 200 https://registry.npmjs.org/mixin-object 3785ms (cache miss)
136 http fetch GET 200 https://registry.npmjs.org/parse-filepath 4141ms (cache miss)
137 http fetch GET 200 https://registry.npmjs.org/axios 4421ms (cache miss)
138 http fetch GET 200 https://registry.npmjs.org/through2 4313ms (cache miss)
139 http fetch GET 200 https://registry.npmjs.org/relative 4360ms (cache miss)
140 http fetch GET 200 https://registry.npmjs.org/object.omit 4506ms (cache miss)
141 http fetch GET 200 https://registry.npmjs.org/starts-with 4874ms (cache miss)
142 http fetch GET 200 https://registry.npmjs.org/axios 8535ms (cache miss)
143 http fetch GET 200 https://registry.npmjs.org/get-value 16016ms (cache miss)
144 http fetch GET 200 https://registry.npmjs.org/jsdom 16109ms (cache miss)
145 http fetch GET 200 https://registry.npmjs.org/axios 17712ms (cache miss)
146 http fetch GET 200 https://registry.npmjs.org/discord.js 21961ms (cache miss)
147 http fetch GET 200 https://registry.npmjs.org/bluebird 24156ms (cache miss)
148 http fetch GET 200 https://registry.npmjs.org/form-data 30857ms (cache miss)
149 http fetch GET 200 https://registry.npmjs.org/got 34266ms (cache miss)
150 http fetch GET 200 https://registry.npmjs.org/glob-fs-dotfiles 43333ms attempt #2 (cache miss)
151 http fetch GET 200 https://registry.npmjs.org/export-files 43606ms attempt #2 (cache miss)
152 http fetch GET 200 https://registry.npmjs.org/async 120949ms (cache miss)
153 http fetch GET 200 https://registry.npmjs.org/javascript-obfuscator 125416ms (cache miss)
154 timing idealTree:#root Completed in 161681ms
155 silly placeDep node_modules/@adiwajshing/baileys libsignal@ OK for: @adiwajshing/baileys@4.4.0 want: github:ferhacks/libsignal-node#dev/logger
156 timing idealTree:node_modules/@adiwajshing/baileys Completed in 23ms
157 silly placeDep node_modules/@vitalets/google-translate-api configstore@5.0.1 OK for: @vitalets/google-translate-api@8.0.0 want: ^5.0.1
158 silly placeDep node_modules/@vitalets/google-translate-api got@9.6.0 OK for: @vitalets/google-translate-api@8.0.0 want: ^9.6.0
159 silly fetch manifest dot-prop@^5.2.0
160 silly fetch manifest unique-string@^2.0.0
161 silly fetch manifest xdg-basedir@^4.0.0
162 silly fetch manifest @sindresorhus/is@^0.14.0
163 silly fetch manifest @szmarczak/http-timer@^1.1.2
164 silly fetch manifest cacheable-request@^6.0.0
165 silly fetch manifest decompress-response@^3.3.0
166 silly fetch manifest duplexer3@^0.1.4
167 silly fetch manifest get-stream@^4.1.0
168 silly fetch manifest lowercase-keys@^1.0.1
169 silly fetch manifest p-cancelable@^1.0.0
170 silly fetch manifest to-readable-stream@^1.0.0
171 silly fetch manifest url-parse-lax@^3.0.0
172 http fetch GET 200 https://registry.npmjs.org/unique-string 787ms (cache miss)
173 http fetch GET 200 https://registry.npmjs.org/dot-prop 812ms (cache miss)
174 http fetch GET 200 https://registry.npmjs.org/duplexer3 1295ms (cache miss)
175 http fetch GET 200 https://registry.npmjs.org/xdg-basedir 1418ms (cache miss)
176 http fetch GET 200 https://registry.npmjs.org/lowercase-keys 1368ms (cache miss)
177 http fetch GET 200 https://registry.npmjs.org/decompress-response 1526ms (cache miss)
178 http fetch GET 200 https://registry.npmjs.org/get-stream 1769ms (cache miss)
179 http fetch GET 200 https://registry.npmjs.org/url-parse-lax 1754ms (cache miss)
180 http fetch GET 200 https://registry.npmjs.org/to-readable-stream 1781ms (cache miss)
181 http fetch GET 200 https://registry.npmjs.org/p-cancelable 1798ms (cache miss)
182 http fetch GET 200 https://registry.npmjs.org/cacheable-request 1887ms (cache miss)
183 http fetch GET 200 https://registry.npmjs.org/@szmarczak%2fhttp-timer 2011ms (cache miss)
184 http fetch GET 200 https://registry.npmjs.org/@sindresorhus%2fis 3060ms (cache miss)
185 timing idealTree:node_modules/@vitalets/google-translate-api Completed in 3174ms
186 silly fetch manifest encoding@^0.1.0
187 http fetch GET 200 https://registry.npmjs.org/encoding 963ms (cache miss)
188 silly placeDep node_modules/acrcloud form-data@2.5.1 OK for: acrcloud@1.4.0 want: ^2.5.1
189 silly placeDep node_modules/acrcloud node-fetch@2.6.9 OK for: acrcloud@1.4.0 want: ^2.6.0
190 silly fetch manifest whatwg-url@^5.0.0
191 http fetch GET 200 https://registry.npmjs.org/whatwg-url 673ms (cache miss)
192 timing idealTree:node_modules/acrcloud Completed in 1774ms
193 silly fetch manifest canvas@^2.5.0
194 http fetch GET 200 https://registry.npmjs.org/canvas 2280ms (cache miss)
195 silly placeDep node_modules/emoji-api jsdom@16.7.0 OK for: emoji-api@1.0.2 want: ^16.4.0
196 silly fetch manifest cssom@^0.4.4
197 silly fetch manifest data-urls@^2.0.0
198 silly fetch manifest domexception@^2.0.1
199 silly fetch manifest form-data@^3.0.0
200 silly fetch manifest html-encoding-sniffer@^2.0.1
201 silly fetch manifest http-proxy-agent@^4.0.1
202 silly fetch manifest parse5@6.0.1
203 silly fetch manifest w3c-xmlserializer@^2.0.0
204 silly fetch manifest webidl-conversions@^6.1.0
205 silly fetch manifest whatwg-encoding@^1.0.5
206 silly fetch manifest whatwg-mimetype@^2.3.0
207 silly fetch manifest whatwg-url@^8.5.0
208 silly fetch manifest ws@^7.4.6
209 silly fetch manifest xml-name-validator@^3.0.0
210 http fetch GET 200 https://registry.npmjs.org/data-urls 341ms (cache miss)
211 http fetch GET 200 https://registry.npmjs.org/w3c-xmlserializer 607ms (cache miss)
212 http fetch GET 200 https://registry.npmjs.org/cssom 669ms (cache miss)
213 http fetch GET 200 https://registry.npmjs.org/xml-name-validator 595ms (cache miss)
214 http fetch GET 200 https://registry.npmjs.org/http-proxy-agent 655ms (cache miss)
215 http fetch GET 200 https://registry.npmjs.org/webidl-conversions 655ms (cache miss)
216 http fetch GET 200 https://registry.npmjs.org/domexception 1177ms (cache miss)
217 http fetch GET 200 https://registry.npmjs.org/whatwg-encoding 1142ms (cache miss)
218 http fetch GET 200 https://registry.npmjs.org/whatwg-mimetype 1140ms (cache miss)
219 http fetch GET 200 https://registry.npmjs.org/html-encoding-sniffer 1192ms (cache miss)
220 http fetch GET 200 https://registry.npmjs.org/parse5 1603ms (cache miss)
221 http fetch GET 200 https://registry.npmjs.org/ws 2399ms (cache miss)
222 timing idealTree:node_modules/emoji-api Completed in 4870ms
223 silly placeDep node_modules/fb-downloader-scrapper axios@0.27.2 OK for: fb-downloader-scrapper@1.0.3 want: ^0.27.2
224 timing idealTree:node_modules/fb-downloader-scrapper Completed in 28ms
225 silly placeDep node_modules/fg-ig axios@0.27.2 OK for: fg-ig@0.0.1 want: ^0.27.2
226 silly placeDep ROOT bing-scraper@1.4.11 OK for: fg-ig@0.0.1 want: ^1.4.11
227 silly placeDep ROOT javascript-obfuscator@4.0.0 OK for: fg-ig@0.0.1 want: ^4.0.0
228 silly fetch manifest @javascript-obfuscator/escodegen@2.3.0
229 silly fetch manifest @javascript-obfuscator/estraverse@5.4.0
230 silly fetch manifest acorn@8.7.0
231 silly fetch manifest assert@2.0.0
232 silly fetch manifest chalk@4.1.2
233 silly fetch manifest chance@1.1.8
234 silly fetch manifest class-validator@0.13.2
235 silly fetch manifest commander@9.0.0
236 silly fetch manifest eslint-scope@7.1.0
237 silly fetch manifest eslint-visitor-keys@3.2.0
238 silly fetch manifest inversify@6.0.1
239 silly fetch manifest js-string-escape@1.0.1
240 silly fetch manifest md5@2.3.0
241 silly fetch manifest mkdirp@1.0.4
242 silly fetch manifest multimatch@5.0.0
243 silly fetch manifest opencollective-postinstall@2.0.3
244 silly fetch manifest reflect-metadata@0.1.13
245 silly fetch manifest source-map-support@0.5.21
246 silly fetch manifest string-template@1.0.0
247 silly fetch manifest stringz@2.1.0
248 silly fetch manifest tslib@2.3.1
249 http fetch GET 200 https://registry.npmjs.org/assert 1584ms (cache miss)
250 http fetch GET 200 https://registry.npmjs.org/@javascript-obfuscator%2festraverse 1605ms (cache miss)
251 http fetch GET 200 https://registry.npmjs.org/md5 1557ms (cache miss)
252 http fetch GET 200 https://registry.npmjs.org/@javascript-obfuscator%2fescodegen 1649ms (cache miss)
253 http fetch GET 200 https://registry.npmjs.org/js-string-escape 1603ms (cache miss)
254 http fetch GET 200 https://registry.npmjs.org/eslint-scope 1624ms (cache miss)
255 http fetch GET 200 https://registry.npmjs.org/chalk 1664ms (cache miss)
256 http fetch GET 200 https://registry.npmjs.org/eslint-visitor-keys 1645ms (cache miss)
257 http fetch GET 200 https://registry.npmjs.org/string-template 1663ms (cache miss)
258 http fetch GET 200 https://registry.npmjs.org/tslib 1830ms (cache miss)
259 http fetch GET 200 https://registry.npmjs.org/opencollective-postinstall 1929ms (cache miss)
260 http fetch GET 200 https://registry.npmjs.org/reflect-metadata 2055ms (cache miss)
261 http fetch GET 200 https://registry.npmjs.org/multimatch 2433ms (cache miss)
262 http fetch GET 200 https://registry.npmjs.org/class-validator 2886ms (cache miss)
263 http fetch GET 200 https://registry.npmjs.org/source-map-support 3270ms (cache miss)
264 http fetch GET 200 https://registry.npmjs.org/inversify 3454ms (cache miss)
265 http fetch GET 200 https://registry.npmjs.org/mkdirp 3481ms (cache miss)
266 http fetch GET 200 https://registry.npmjs.org/stringz 3449ms (cache miss)
267 http fetch GET 200 https://registry.npmjs.org/chance 8801ms (cache miss)
268 http fetch GET 200 https://registry.npmjs.org/commander 8942ms (cache miss)
269 http fetch GET 200 https://registry.npmjs.org/acorn 9770ms (cache miss)
270 timing idealTree:node_modules/fg-ig Completed in 9889ms
271 timing idealTree:node_modules/bing-scraper Completed in 0ms
272 timing idealTree:node_modules/fs Completed in 0ms
273 silly placeDep node_modules/glob-fs async@1.5.2 OK for: glob-fs@0.1.7 want: ^1.3.0
274 silly placeDep ROOT bluebird@2.11.0 OK for: glob-fs@0.1.7 want: ^2.9.33
275 silly placeDep ROOT ends-with@0.2.0 OK for: glob-fs@0.1.7 want: ^0.2.0
276 silly placeDep ROOT export-files@2.1.1 OK for: glob-fs@0.1.7 want: ^2.0.1
277 silly placeDep ROOT extend-shallow@2.0.1 OK for: glob-fs@0.1.7 want: ^2.0.0
278 silly placeDep ROOT get-value@1.3.1 OK for: glob-fs@0.1.7 want: ^1.1.5
279 silly placeDep ROOT glob-fs-dotfiles@0.1.6 OK for: glob-fs@0.1.7 want: ^0.1.6
280 silly placeDep ROOT glob-fs-gitignore@0.1.6 OK for: glob-fs@0.1.7 want: ^0.1.5
281 silly placeDep ROOT glob-parent@1.3.0 OK for: glob-fs@0.1.7 want: ^1.2.0
282 silly placeDep ROOT is-dotdir@0.1.0 OK for: glob-fs@0.1.7 want: ^0.1.0
283 silly placeDep ROOT is-dotfile@1.0.3 OK for: glob-fs@0.1.7 want: ^1.0.1
284 silly placeDep ROOT is-glob@2.0.1 OK for: glob-fs@0.1.7 want: ^2.0.0
285 silly placeDep ROOT is-windows@0.1.1 OK for: glob-fs@0.1.7 want: ^0.1.0
286 silly placeDep node_modules/glob-fs kind-of@2.0.1 OK for: glob-fs@0.1.7 want: ^2.0.0
287 silly placeDep ROOT lazy-cache@0.1.0 OK for: glob-fs@0.1.7 want: ^0.1.0
288 silly placeDep ROOT micromatch@2.2.0 OK for: glob-fs@0.1.7 want: github:jonschlinkert/micromatch#2.2.0
289 silly placeDep ROOT mixin-object@2.0.1 OK for: glob-fs@0.1.7 want: ^2.0.0
290 silly placeDep ROOT object-visit@0.1.0 OK for: glob-fs@0.1.7 want: ^0.1.0
291 silly placeDep ROOT object.omit@1.1.0 OK for: glob-fs@0.1.7 want: ^1.1.0
292 silly placeDep ROOT parse-filepath@0.6.3 OK for: glob-fs@0.1.7 want: ^0.6.1
293 silly placeDep ROOT relative@3.0.2 OK for: glob-fs@0.1.7 want: ^3.0.1
294 silly placeDep ROOT set-value@0.2.0 OK for: glob-fs@0.1.7 want: ^0.2.0
295 silly placeDep ROOT starts-with@1.0.2 OK for: glob-fs@0.1.7 want: ^1.0.2
296 silly placeDep ROOT through2@2.0.5 OK for: glob-fs@0.1.7 want: ^2.0.0
297 silly fetch manifest lazy-cache@^1.0.3
298 silly fetch manifest is-extendable@^0.1.0
299 silly fetch manifest arr-flatten@^1.0.1
300 silly fetch manifest is-extendable@^0.1.1
301 silly fetch manifest lazy-cache@^0.2.4
302 silly fetch manifest noncharacters@^1.1.0
303 silly fetch manifest findup-sync@^1.0.0
304 silly fetch manifest micromatch@^2.3.11
305 silly fetch manifest parse-gitignore@^0.2.0
306 silly fetch manifest dotdir-regex@^0.1.0
307 silly fetch manifest is-extglob@^1.0.0
308 silly fetch manifest ansi-yellow@^0.1.1
309 silly fetch manifest arr-diff@^1.0.1
310 silly fetch manifest array-unique@^0.2.1
311 silly fetch manifest braces@^1.8.0
312 silly fetch manifest expand-brackets@^0.1.1
313 silly fetch manifest extglob@^0.3.0
314 silly fetch manifest filename-regex@^2.0.0
315 silly fetch manifest is-glob@^1.1.3
316 silly fetch manifest kind-of@^1.1.0
317 silly fetch manifest parse-glob@^3.0.1
318 silly fetch manifest regex-cache@^0.4.2
319 silly fetch manifest for-in@^0.1.3
320 silly fetch manifest isobject@^1.0.0
321 silly fetch manifest for-own@^0.1.3
322 silly fetch manifest is-absolute@^0.2.2
323 silly fetch manifest map-cache@^0.2.0
324 silly fetch manifest isobject@^2.0.0
325 http fetch GET 200 https://registry.npmjs.org/is-extendable 330ms (cache miss)
326 http fetch GET 200 https://registry.npmjs.org/is-extendable 348ms (cache miss)
327 http fetch GET 200 https://registry.npmjs.org/is-extglob 307ms (cache miss)
328 http fetch GET 200 https://registry.npmjs.org/arr-diff 387ms (cache miss)
329 http fetch GET 200 https://registry.npmjs.org/expand-brackets 419ms (cache miss)
330 http fetch GET 200 https://registry.npmjs.org/filename-regex 448ms (cache miss)
331 http fetch GET 200 https://registry.npmjs.org/map-cache 427ms (cache miss)
332 http fetch GET 200 https://registry.npmjs.org/isobject 493ms (cache miss)
333 http fetch GET 200 https://registry.npmjs.org/for-in 579ms (cache miss)
334 http fetch GET 200 https://registry.npmjs.org/isobject 693ms (cache miss)
335 http fetch GET 200 https://registry.npmjs.org/braces 1022ms (cache miss)
336 http fetch GET 200 https://registry.npmjs.org/arr-flatten 1332ms (cache miss)
337 http fetch GET 200 https://registry.npmjs.org/noncharacters 1326ms (cache miss)
338 http fetch GET 200 https://registry.npmjs.org/extglob 1273ms (cache miss)
339 http fetch GET 200 https://registry.npmjs.org/array-unique 1301ms (cache miss)
340 http fetch GET 200 https://registry.npmjs.org/ansi-yellow 1317ms (cache miss)
341 http fetch GET 200 https://registry.npmjs.org/dotdir-regex 1336ms (cache miss)
342 http fetch GET 200 https://registry.npmjs.org/micromatch 1348ms (cache miss)
343 http fetch GET 200 https://registry.npmjs.org/parse-gitignore 1357ms (cache miss)
344 http fetch GET 200 https://registry.npmjs.org/parse-glob 1307ms (cache miss)
345 http fetch GET 200 https://registry.npmjs.org/regex-cache 1312ms (cache miss)
346 http fetch GET 200 https://registry.npmjs.org/findup-sync 1387ms (cache miss)
347 http fetch GET 200 https://registry.npmjs.org/for-own 1303ms (cache miss)
348 http fetch GET 200 https://registry.npmjs.org/is-absolute 1477ms (cache miss)
349 timing idealTree:node_modules/glob-fs Completed in 1916ms
350 timing idealTree:node_modules/bluebird Completed in 0ms
351 timing idealTree:node_modules/ends-with Completed in 0ms
352 silly placeDep node_modules/export-files lazy-cache@1.0.4 OK for: export-files@2.1.1 want: ^1.0.3
353 timing idealTree:node_modules/export-files Completed in 11ms
354 silly placeDep ROOT is-extendable@0.1.1 OK for: extend-shallow@2.0.1 want: ^0.1.0
355 timing idealTree:node_modules/extend-shallow Completed in 12ms
356 silly placeDep ROOT arr-flatten@1.1.0 OK for: get-value@1.3.1 want: ^1.0.1
357 silly placeDep node_modules/get-value lazy-cache@0.2.7 OK for: get-value@1.3.1 want: ^0.2.4
358 silly placeDep ROOT noncharacters@1.1.0 OK for: get-value@1.3.1 want: ^1.1.0
359 timing idealTree:node_modules/get-value Completed in 32ms
360 timing idealTree:node_modules/arr-flatten Completed in 0ms
361 timing idealTree:node_modules/glob-fs-dotfiles Completed in 1ms
362 silly placeDep ROOT findup-sync@1.0.0 OK for: glob-fs-gitignore@0.1.6 want: ^1.0.0
363 silly placeDep node_modules/glob-fs-gitignore micromatch@2.3.11 OK for: glob-fs-gitignore@0.1.6 want: ^2.3.11
364 silly placeDep ROOT parse-gitignore@0.2.0 OK for: glob-fs-gitignore@0.1.6 want: ^0.2.0
365 silly fetch manifest detect-file@^0.1.0
366 silly fetch manifest micromatch@^2.3.7
367 silly fetch manifest resolve-dir@^0.1.0
368 silly fetch manifest arr-diff@^2.0.0
369 silly fetch manifest braces@^1.8.2
370 silly fetch manifest expand-brackets@^0.1.4
371 silly fetch manifest extglob@^0.3.1
372 silly fetch manifest kind-of@^3.0.2
373 silly fetch manifest normalize-path@^2.0.1
374 silly fetch manifest object.omit@^2.0.0
375 silly fetch manifest parse-glob@^3.0.4
376 http fetch GET 200 https://registry.npmjs.org/normalize-path 174ms (cache miss)
377 http fetch GET 200 https://registry.npmjs.org/resolve-dir 972ms (cache miss)
378 http fetch GET 200 https://registry.npmjs.org/detect-file 1027ms (cache miss)
379 timing idealTree:node_modules/glob-fs-gitignore Completed in 1070ms
380 silly placeDep ROOT detect-file@0.1.0 OK for: findup-sync@1.0.0 want: ^0.1.0
381 silly placeDep node_modules/findup-sync micromatch@2.3.11 OK for: findup-sync@1.0.0 want: ^2.3.7
382 silly placeDep ROOT resolve-dir@0.1.1 OK for: findup-sync@1.0.0 want: ^0.1.0
383 silly fetch manifest fs-exists-sync@^0.1.0
384 silly fetch manifest expand-tilde@^1.2.2
385 silly fetch manifest global-modules@^0.2.3
386 http fetch GET 200 https://registry.npmjs.org/global-modules 125ms (cache miss)
387 http fetch GET 200 https://registry.npmjs.org/expand-tilde 1067ms (cache miss)
388 http fetch GET 200 https://registry.npmjs.org/fs-exists-sync 1090ms (cache miss)
389 timing idealTree:node_modules/findup-sync Completed in 1149ms
390 silly placeDep ROOT fs-exists-sync@0.1.0 OK for: detect-file@0.1.0 want: ^0.1.0
391 timing idealTree:node_modules/detect-file Completed in 16ms
392 timing idealTree:node_modules/fs-exists-sync Completed in 1ms
393 timing idealTree:node_modules/glob-parent Completed in 1ms
394 silly placeDep ROOT discord.js@13.12.0 OK for: hispamemes@1.0.7 want: ^13.9.0
395 silly fetch manifest @discordjs/builders@^0.16.0
396 silly fetch manifest @discordjs/collection@^0.7.0
397 silly fetch manifest @sapphire/async-queue@^1.5.0
398 silly fetch manifest @types/node-fetch@^2.6.2
399 silly fetch manifest @types/ws@^8.5.3
400 silly fetch manifest discord-api-types@^0.33.5
401 silly fetch manifest node-fetch@^2.6.7
402 silly fetch manifest ws@^8.9.0
403 http fetch GET 200 https://registry.npmjs.org/@types%2fnode-fetch 1738ms (cache miss)
404 http fetch GET 200 https://registry.npmjs.org/@types%2fws 2477ms (cache miss)
405 http fetch GET 200 https://registry.npmjs.org/@sapphire%2fasync-queue 12013ms (cache miss)
406 http fetch GET 200 https://registry.npmjs.org/@discordjs%2fcollection 14888ms (cache miss)
407 http fetch GET 200 https://registry.npmjs.org/discord-api-types 24911ms (cache miss)
408 http fetch GET 200 https://registry.npmjs.org/@discordjs%2fbuilders 46083ms (cache miss)
409 timing idealTree:node_modules/hispamemes Completed in 46231ms
410 silly fetch manifest bufferutil@^4.0.1
411 http fetch GET 200 https://registry.npmjs.org/bufferutil 389ms (cache miss)
412 silly fetch manifest utf-8-validate@>=5.0.2
413 http fetch GET 200 https://registry.npmjs.org/utf-8-validate 1108ms (cache miss)
414 silly placeDep ROOT @discordjs/builders@0.16.0 OK for: discord.js@13.12.0 want: ^0.16.0
415 silly placeDep ROOT @discordjs/collection@0.7.0 OK for: discord.js@13.12.0 want: ^0.7.0
416 silly placeDep ROOT @sapphire/async-queue@1.5.0 OK for: discord.js@13.12.0 want: ^1.5.0
417 silly placeDep ROOT @types/node-fetch@2.6.2 OK for: discord.js@13.12.0 want: ^2.6.2
418 silly placeDep ROOT @types/ws@8.5.4 OK for: discord.js@13.12.0 want: ^8.5.3
419 silly placeDep ROOT discord-api-types@0.33.5 OK for: discord.js@13.12.0 want: ^0.33.5
420 silly placeDep node_modules/discord.js node-fetch@2.6.9 OK for: discord.js@13.12.0 want: ^2.6.7
421 silly placeDep node_modules/discord.js ws@8.12.0 OK for: discord.js@13.12.0 want: ^8.9.0
422 silly fetch manifest @sapphire/shapeshift@^3.5.1
423 silly fetch manifest discord-api-types@^0.36.2
424 silly fetch manifest ts-mixer@^6.0.1
425 http fetch GET 200 https://registry.npmjs.org/ts-mixer 1094ms (cache miss)
426 http fetch GET 200 https://registry.npmjs.org/@sapphire%2fshapeshift 6334ms (cache miss)
427 timing idealTree:node_modules/discord.js Completed in 8055ms
428 silly placeDep ROOT @sapphire/shapeshift@3.8.1 OK for: @discordjs/builders@0.16.0 want: ^3.5.1
429 silly placeDep node_modules/@discordjs/builders discord-api-types@0.36.3 OK for: @discordjs/builders@0.16.0 want: ^0.36.2
430 silly placeDep ROOT ts-mixer@6.0.2 OK for: @discordjs/builders@0.16.0 want: ^6.0.1
431 timing idealTree:node_modules/@discordjs/builders Completed in 35ms
432 timing idealTree:node_modules/@discordjs/collection Completed in 0ms
433 timing idealTree:node_modules/@sapphire/async-queue Completed in 0ms
434 timing idealTree:node_modules/@sapphire/shapeshift Completed in 0ms
435 silly placeDep node_modules/@types/node-fetch form-data@3.0.1 OK for: @types/node-fetch@2.6.2 want: ^3.0.0
436 timing idealTree:node_modules/@types/node-fetch Completed in 9ms
437 timing idealTree:node_modules/@types/ws Completed in 0ms
438 timing idealTree:node_modules/discord-api-types Completed in 0ms
439 silly placeDep node_modules/hxz-api axios@0.21.4 OK for: hxz-api@1.0.1 want: ^0.21.1
440 timing idealTree:node_modules/hxz-api Completed in 8ms
441 silly placeDep ROOT dotdir-regex@0.1.0 OK for: is-dotdir@0.1.0 want: ^0.1.0
442 timing idealTree:node_modules/is-dotdir Completed in 10ms
443 timing idealTree:node_modules/dotdir-regex Completed in 0ms
444 timing idealTree:node_modules/is-dotfile Completed in 0ms
445 timing idealTree:node_modules/is-extendable Completed in 0ms
446 silly placeDep ROOT is-extglob@1.0.0 OK for: is-glob@2.0.1 want: ^1.0.0
447 timing idealTree:node_modules/is-glob Completed in 11ms
448 timing idealTree:node_modules/is-extglob Completed in 0ms
449 timing idealTree:node_modules/is-windows Completed in 0ms
450 silly placeDep ROOT @javascript-obfuscator/escodegen@2.3.0 OK for: javascript-obfuscator@4.0.0 want: 2.3.0
451 silly placeDep ROOT @javascript-obfuscator/estraverse@5.4.0 OK for: javascript-obfuscator@4.0.0 want: 5.4.0
452 silly placeDep node_modules/javascript-obfuscator acorn@8.7.0 OK for: javascript-obfuscator@4.0.0 want: 8.7.0
453 silly placeDep ROOT assert@2.0.0 OK for: javascript-obfuscator@4.0.0 want: 2.0.0
454 silly placeDep node_modules/javascript-obfuscator chalk@4.1.2 OK for: javascript-obfuscator@4.0.0 want: 4.1.2
455 silly placeDep ROOT chance@1.1.8 OK for: javascript-obfuscator@4.0.0 want: 1.1.8
456 silly placeDep ROOT class-validator@0.13.2 OK for: javascript-obfuscator@4.0.0 want: 0.13.2
457 silly placeDep ROOT commander@9.0.0 OK for: javascript-obfuscator@4.0.0 want: 9.0.0
458 silly placeDep ROOT eslint-scope@7.1.0 OK for: javascript-obfuscator@4.0.0 want: 7.1.0
459 silly placeDep ROOT eslint-visitor-keys@3.2.0 OK for: javascript-obfuscator@4.0.0 want: 3.2.0
460 silly placeDep ROOT inversify@6.0.1 OK for: javascript-obfuscator@4.0.0 want: 6.0.1
461 silly placeDep ROOT js-string-escape@1.0.1 OK for: javascript-obfuscator@4.0.0 want: 1.0.1
462 silly placeDep ROOT md5@2.3.0 OK for: javascript-obfuscator@4.0.0 want: 2.3.0
463 silly placeDep node_modules/javascript-obfuscator mkdirp@1.0.4 OK for: javascript-obfuscator@4.0.0 want: 1.0.4
464 silly placeDep ROOT multimatch@5.0.0 OK for: javascript-obfuscator@4.0.0 want: 5.0.0
465 silly placeDep ROOT opencollective-postinstall@2.0.3 OK for: javascript-obfuscator@4.0.0 want: 2.0.3
466 silly placeDep ROOT reflect-metadata@0.1.13 OK for: javascript-obfuscator@4.0.0 want: 0.1.13
467 silly placeDep ROOT source-map-support@0.5.21 OK for: javascript-obfuscator@4.0.0 want: 0.5.21
468 silly placeDep ROOT string-template@1.0.0 OK for: javascript-obfuscator@4.0.0 want: 1.0.0
469 silly placeDep ROOT stringz@2.1.0 OK for: javascript-obfuscator@4.0.0 want: 2.1.0
470 silly placeDep node_modules/javascript-obfuscator tslib@2.3.1 OK for: javascript-obfuscator@4.0.0 want: 2.3.1
471 silly fetch manifest es6-object-assign@^1.1.0
472 silly fetch manifest is-nan@^1.2.1
473 silly fetch manifest object-is@^1.0.1
474 silly fetch manifest util@^0.12.0
475 silly fetch manifest supports-color@^7.1.0
476 silly fetch manifest libphonenumber-js@^1.9.43
477 silly fetch manifest validator@^13.7.0
478 silly fetch manifest esrecurse@^4.3.0
479 silly fetch manifest charenc@0.0.2
480 silly fetch manifest crypt@0.0.2
481 silly fetch manifest @types/minimatch@^3.0.3
482 silly fetch manifest array-differ@^3.0.0
483 silly fetch manifest array-union@^2.1.0
484 silly fetch manifest arrify@^2.0.1
485 silly fetch manifest buffer-from@^1.0.0
486 silly fetch manifest char-regex@^1.0.2
487 http fetch GET 200 https://registry.npmjs.org/is-nan 324ms (cache miss)
488 http fetch GET 200 https://registry.npmjs.org/char-regex 391ms (cache miss)
489 http fetch GET 200 https://registry.npmjs.org/charenc 483ms (cache miss)
490 http fetch GET 200 https://registry.npmjs.org/array-union 795ms (cache miss)
491 http fetch GET 200 https://registry.npmjs.org/crypt 814ms (cache miss)
492 http fetch GET 200 https://registry.npmjs.org/@types%2fminimatch 961ms (cache miss)
493 http fetch GET 200 https://registry.npmjs.org/es6-object-assign 1019ms (cache miss)
494 http fetch GET 200 https://registry.npmjs.org/object-is 1174ms (cache miss)
495 http fetch GET 200 https://registry.npmjs.org/arrify 1985ms (cache miss)
496 http fetch GET 200 https://registry.npmjs.org/array-differ 2001ms (cache miss)
497 http fetch GET 200 https://registry.npmjs.org/supports-color 2085ms (cache miss)
498 http fetch GET 200 https://registry.npmjs.org/esrecurse 2272ms (cache miss)
499 http fetch GET 200 https://registry.npmjs.org/buffer-from 2292ms (cache miss)
500 http fetch GET 200 https://registry.npmjs.org/validator 2835ms (cache miss)
501 http fetch GET 200 https://registry.npmjs.org/libphonenumber-js 7617ms (cache miss)
502 http fetch GET 200 https://registry.npmjs.org/util 43682ms attempt #2 (cache miss)
503 timing idealTree:node_modules/javascript-obfuscator Completed in 43919ms
504 timing idealTree:node_modules/@javascript-obfuscator/escodegen Completed in 0ms
505 timing idealTree:node_modules/@javascript-obfuscator/estraverse Completed in 1ms
506 silly placeDep ROOT es6-object-assign@1.1.0 OK for: assert@2.0.0 want: ^1.1.0
507 silly placeDep ROOT is-nan@1.3.2 OK for: assert@2.0.0 want: ^1.2.1
508 silly placeDep ROOT object-is@1.1.5 OK for: assert@2.0.0 want: ^1.0.1
509 silly placeDep ROOT util@0.12.5 OK for: assert@2.0.0 want: ^0.12.0
510 silly fetch manifest define-properties@^1.1.3
511 silly fetch manifest is-arguments@^1.0.4
512 silly fetch manifest is-generator-function@^1.0.7
513 silly fetch manifest is-typed-array@^1.1.3
514 silly fetch manifest which-typed-array@^1.1.2
515 http fetch GET 200 https://registry.npmjs.org/is-generator-function 227ms (cache miss)
516 http fetch GET 200 https://registry.npmjs.org/which-typed-array 304ms (cache miss)
517 http fetch GET 200 https://registry.npmjs.org/define-properties 737ms (cache miss)
518 http fetch GET 200 https://registry.npmjs.org/is-arguments 1104ms (cache miss)
519 http fetch GET 200 https://registry.npmjs.org/is-typed-array 135016ms attempt #3 (cache miss)
520 timing idealTree:node_modules/assert Completed in 135107ms
521 timing idealTree:node_modules/chance Completed in 0ms
522 silly placeDep ROOT libphonenumber-js@1.10.19 OK for: class-validator@0.13.2 want: ^1.9.43
523 silly placeDep ROOT validator@13.9.0 OK for: class-validator@0.13.2 want: ^13.7.0
524 timing idealTree:node_modules/class-validator Completed in 24ms
525 timing idealTree:node_modules/commander Completed in 0ms
526 timing idealTree:node_modules/es6-object-assign Completed in 0ms
527 silly placeDep ROOT esrecurse@4.3.0 OK for: eslint-scope@7.1.0 want: ^4.3.0
528 timing idealTree:node_modules/eslint-scope Completed in 14ms
529 timing idealTree:node_modules/eslint-visitor-keys Completed in 1ms
530 timing idealTree:node_modules/esrecurse Completed in 0ms
531 timing idealTree:node_modules/inversify Completed in 0ms
532 silly placeDep ROOT define-properties@1.1.4 OK for: is-nan@1.3.2 want: ^1.1.3
533 silly fetch manifest has-property-descriptors@^1.0.0
534 silly fetch manifest object-keys@^1.1.1
535 http fetch GET 200 https://registry.npmjs.org/has-property-descriptors 84ms (cache miss)
536 http fetch GET 200 https://registry.npmjs.org/object-keys 1074ms (cache miss)
537 timing idealTree:node_modules/is-nan Completed in 1102ms
538 silly placeDep ROOT has-property-descriptors@1.0.0 OK for: define-properties@1.1.4 want: ^1.0.0
539 silly placeDep ROOT object-keys@1.1.1 OK for: define-properties@1.1.4 want: ^1.1.1
540 timing idealTree:node_modules/define-properties Completed in 24ms
541 timing idealTree:node_modules/has-property-descriptors Completed in 0ms
542 timing idealTree:node_modules/js-string-escape Completed in 0ms
543 silly placeDep ROOT ansi-yellow@0.1.1 OK for: lazy-cache@0.1.0 want: ^0.1.1
544 silly fetch manifest ansi-wrap@0.1.0
545 http fetch GET 200 https://registry.npmjs.org/ansi-wrap 909ms (cache miss)
546 timing idealTree:node_modules/lazy-cache Completed in 931ms
547 silly placeDep ROOT ansi-wrap@0.1.0 OK for: ansi-yellow@0.1.1 want: 0.1.0
548 timing idealTree:node_modules/ansi-yellow Completed in 14ms
549 timing idealTree:node_modules/ansi-wrap Completed in 0ms
550 timing idealTree:node_modules/libphonenumber-js Completed in 0ms
551 silly placeDep ROOT charenc@0.0.2 OK for: md5@2.3.0 want: 0.0.2
552 silly placeDep ROOT crypt@0.0.2 OK for: md5@2.3.0 want: 0.0.2
553 timing idealTree:node_modules/md5 Completed in 23ms
554 timing idealTree:node_modules/charenc Completed in 0ms
555 timing idealTree:node_modules/crypt Completed in 0ms
556 silly placeDep ROOT arr-diff@1.1.0 OK for: micromatch@2.2.0 want: ^1.0.1
557 silly placeDep ROOT array-unique@0.2.1 OK for: micromatch@2.2.0 want: ^0.2.1
558 silly placeDep ROOT braces@1.8.5 OK for: micromatch@2.2.0 want: ^1.8.0
559 silly placeDep ROOT expand-brackets@0.1.5 OK for: micromatch@2.2.0 want: ^0.1.1
560 silly placeDep ROOT extglob@0.3.2 OK for: micromatch@2.2.0 want: ^0.3.0
561 silly placeDep ROOT filename-regex@2.0.1 OK for: micromatch@2.2.0 want: ^2.0.0
562 silly placeDep node_modules/micromatch is-glob@1.1.3 OK for: micromatch@2.2.0 want: ^1.1.3
563 silly placeDep node_modules/micromatch kind-of@1.1.0 OK for: micromatch@2.2.0 want: ^1.1.0
564 silly placeDep ROOT parse-glob@3.0.4 OK for: micromatch@2.2.0 want: ^3.0.1
565 silly placeDep ROOT regex-cache@0.4.4 OK for: micromatch@2.2.0 want: ^0.4.2
566 silly fetch manifest array-slice@^0.2.3
567 silly fetch manifest expand-range@^1.8.1
568 silly fetch manifest preserve@^0.2.0
569 silly fetch manifest repeat-element@^1.1.2
570 silly fetch manifest is-posix-bracket@^0.1.0
571 silly fetch manifest glob-base@^0.3.0
572 silly fetch manifest is-equal-shallow@^0.1.3
573 http fetch GET 200 https://registry.npmjs.org/expand-range 165ms (cache miss)
574 http fetch GET 200 https://registry.npmjs.org/is-posix-bracket 318ms (cache miss)
575 http fetch GET 200 https://registry.npmjs.org/glob-base 316ms (cache miss)
576 http fetch GET 200 https://registry.npmjs.org/preserve 1105ms (cache miss)
577 http fetch GET 200 https://registry.npmjs.org/array-slice 1123ms (cache miss)
578 http fetch GET 200 https://registry.npmjs.org/repeat-element 1164ms (cache miss)
579 http fetch GET 200 https://registry.npmjs.org/is-equal-shallow 1156ms (cache miss)
580 timing idealTree:node_modules/micromatch Completed in 1342ms
581 silly placeDep ROOT array-slice@0.2.3 OK for: arr-diff@1.1.0 want: ^0.2.3
582 timing idealTree:node_modules/arr-diff Completed in 12ms
583 timing idealTree:node_modules/array-slice Completed in 0ms
584 timing idealTree:node_modules/array-unique Completed in 0ms
585 silly placeDep ROOT expand-range@1.8.2 OK for: braces@1.8.5 want: ^1.8.1
586 silly placeDep ROOT preserve@0.2.0 OK for: braces@1.8.5 want: ^0.2.0
587 silly placeDep ROOT repeat-element@1.1.4 OK for: braces@1.8.5 want: ^1.1.2
588 silly fetch manifest fill-range@^2.1.0
589 http fetch GET 200 https://registry.npmjs.org/fill-range 85ms (cache miss)
590 timing idealTree:node_modules/braces Completed in 130ms
591 silly placeDep ROOT is-posix-bracket@0.1.1 OK for: expand-brackets@0.1.5 want: ^0.1.0
592 timing idealTree:node_modules/expand-brackets Completed in 12ms
593 silly placeDep ROOT fill-range@2.2.4 OK for: expand-range@1.8.2 want: ^2.1.0
594 silly fetch manifest is-number@^2.1.0
595 silly fetch manifest randomatic@^3.0.0
596 silly fetch manifest repeat-string@^1.5.2
597 http fetch GET 200 https://registry.npmjs.org/is-number 144ms (cache miss)
598 http fetch GET 200 https://registry.npmjs.org/randomatic 1055ms (cache miss)
599 http fetch GET 200 https://registry.npmjs.org/repeat-string 1198ms (cache miss)
600 timing idealTree:node_modules/expand-range Completed in 1230ms
601 timing idealTree:node_modules/extglob Completed in 6ms
602 timing idealTree:node_modules/filename-regex Completed in 0ms
603 silly placeDep node_modules/fill-range is-number@2.1.0 OK for: fill-range@2.2.4 want: ^2.1.0
604 silly placeDep ROOT isobject@2.1.0 OK for: fill-range@2.2.4 want: ^2.0.0
605 silly placeDep ROOT randomatic@3.1.1 OK for: fill-range@2.2.4 want: ^3.0.0
606 silly placeDep ROOT repeat-string@1.6.1 OK for: fill-range@2.2.4 want: ^1.5.2
607 silly fetch manifest is-number@^4.0.0
608 silly fetch manifest math-random@^1.0.1
609 http fetch GET 200 https://registry.npmjs.org/math-random 1062ms (cache miss)
610 timing idealTree:node_modules/fill-range Completed in 1260ms
611 timing idealTree:node_modules/is-posix-bracket Completed in 0ms
612 timing idealTree:node_modules/isobject Completed in 0ms
613 silly placeDep ROOT for-in@0.1.8 OK for: mixin-object@2.0.1 want: ^0.1.3
614 timing idealTree:node_modules/mixin-object Completed in 18ms
615 timing idealTree:node_modules/for-in Completed in 0ms
616 silly placeDep ROOT @types/minimatch@3.0.5 OK for: multimatch@5.0.0 want: ^3.0.3
617 silly placeDep ROOT array-differ@3.0.0 OK for: multimatch@5.0.0 want: ^3.0.0
618 silly placeDep ROOT array-union@2.1.0 OK for: multimatch@5.0.0 want: ^2.1.0
619 silly placeDep ROOT arrify@2.0.1 OK for: multimatch@5.0.0 want: ^2.0.1
620 timing idealTree:node_modules/multimatch Completed in 60ms
621 timing idealTree:node_modules/@types/minimatch Completed in 0ms
622 timing idealTree:node_modules/array-differ Completed in 0ms
623 timing idealTree:node_modules/array-union Completed in 0ms
624 timing idealTree:node_modules/arrify Completed in 0ms
625 timing idealTree:node_modules/node-os-utils Completed in 1ms
626 timing idealTree:node_modules/noncharacters Completed in 0ms
627 timing idealTree:node_modules/object-is Completed in 0ms
628 timing idealTree:node_modules/object-keys Completed in 0ms
629 silly placeDep node_modules/object-visit isobject@1.0.2 OK for: object-visit@0.1.0 want: ^1.0.0
630 timing idealTree:node_modules/object-visit Completed in 13ms
631 silly placeDep ROOT for-own@0.1.5 OK for: object.omit@1.1.0 want: ^0.1.3
632 silly placeDep node_modules/object.omit isobject@1.0.2 OK for: object.omit@1.1.0 want: ^1.0.0
633 silly fetch manifest for-in@^1.0.1
634 timing idealTree:node_modules/object.omit Completed in 39ms
635 silly placeDep node_modules/for-own for-in@1.0.2 OK for: for-own@0.1.5 want: ^1.0.1
636 timing idealTree:node_modules/for-own Completed in 16ms
637 timing idealTree:node_modules/opencollective-postinstall Completed in 0ms
638 silly placeDep ROOT is-absolute@0.2.6 OK for: parse-filepath@0.6.3 want: ^0.2.2
639 silly placeDep ROOT map-cache@0.2.2 OK for: parse-filepath@0.6.3 want: ^0.2.0
640 silly fetch manifest is-relative@^0.2.1
641 silly fetch manifest is-windows@^0.2.0
642 http fetch GET 200 https://registry.npmjs.org/is-relative 928ms (cache miss)
643 timing idealTree:node_modules/parse-filepath Completed in 976ms
644 silly placeDep ROOT is-relative@0.2.1 OK for: is-absolute@0.2.6 want: ^0.2.1
645 silly placeDep node_modules/is-absolute is-windows@0.2.0 OK for: is-absolute@0.2.6 want: ^0.2.0
646 silly fetch manifest is-unc-path@^0.1.1
647 http fetch GET 200 https://registry.npmjs.org/is-unc-path 988ms (cache miss)
648 timing idealTree:node_modules/is-absolute Completed in 1020ms
649 silly placeDep ROOT is-unc-path@0.1.2 OK for: is-relative@0.2.1 want: ^0.1.1
650 silly fetch manifest unc-path-regex@^0.1.0
651 http fetch GET 200 https://registry.npmjs.org/unc-path-regex 965ms (cache miss)
652 timing idealTree:node_modules/is-relative Completed in 987ms
653 silly placeDep ROOT unc-path-regex@0.1.2 OK for: is-unc-path@0.1.2 want: ^0.1.0
654 timing idealTree:node_modules/is-unc-path Completed in 11ms
655 timing idealTree:node_modules/map-cache Completed in 0ms
656 timing idealTree:node_modules/parse-gitignore Completed in 0ms
657 silly placeDep ROOT glob-base@0.3.0 OK for: parse-glob@3.0.4 want: ^0.3.0
658 silly fetch manifest glob-parent@^2.0.0
659 timing idealTree:node_modules/parse-glob Completed in 15ms
660 silly placeDep node_modules/glob-base glob-parent@2.0.0 OK for: glob-base@0.3.0 want: ^2.0.0
661 timing idealTree:node_modules/glob-base Completed in 9ms
662 timing idealTree:node_modules/preserve Completed in 0ms
663 silly placeDep node_modules/randomatic is-number@4.0.0 OK for: randomatic@3.1.1 want: ^4.0.0
664 silly placeDep ROOT math-random@1.0.4 OK for: randomatic@3.1.1 want: ^1.0.1
665 timing idealTree:node_modules/randomatic Completed in 20ms
666 timing idealTree:node_modules/math-random Completed in 0ms
667 timing idealTree:node_modules/reflect-metadata Completed in 0ms
668 silly placeDep ROOT is-equal-shallow@0.1.3 OK for: regex-cache@0.4.4 want: ^0.1.3
669 silly fetch manifest is-primitive@^2.0.0
670 http fetch GET 200 https://registry.npmjs.org/is-primitive 198ms (cache miss)
671 timing idealTree:node_modules/regex-cache Completed in 217ms
672 silly placeDep ROOT is-primitive@2.0.0 OK for: is-equal-shallow@0.1.3 want: ^2.0.0
673 timing idealTree:node_modules/is-equal-shallow Completed in 18ms
674 timing idealTree:node_modules/is-primitive Completed in 0ms
675 timing idealTree:node_modules/relative Completed in 0ms
676 timing idealTree:node_modules/repeat-element Completed in 0ms
677 timing idealTree:node_modules/repeat-string Completed in 0ms
678 silly placeDep ROOT expand-tilde@1.2.2 OK for: resolve-dir@0.1.1 want: ^1.2.2
679 silly placeDep ROOT global-modules@0.2.3 OK for: resolve-dir@0.1.1 want: ^0.2.3
680 silly fetch manifest os-homedir@^1.0.1
681 silly fetch manifest global-prefix@^0.1.4
682 http fetch GET 200 https://registry.npmjs.org/os-homedir 90ms (cache miss)
683 http fetch GET 200 https://registry.npmjs.org/global-prefix 198ms (cache miss)
684 timing idealTree:node_modules/resolve-dir Completed in 242ms
685 silly placeDep ROOT os-homedir@1.0.2 OK for: expand-tilde@1.2.2 want: ^1.0.1
686 timing idealTree:node_modules/expand-tilde Completed in 21ms
687 silly placeDep ROOT global-prefix@0.1.5 OK for: global-modules@0.2.3 want: ^0.1.4
688 silly placeDep node_modules/global-modules is-windows@0.2.0 OK for: global-modules@0.2.3 want: ^0.2.0
689 silly fetch manifest homedir-polyfill@^1.0.0
690 http fetch GET 200 https://registry.npmjs.org/homedir-polyfill 96ms (cache miss)
691 timing idealTree:node_modules/global-modules Completed in 135ms
692 silly placeDep ROOT homedir-polyfill@1.0.3 OK for: global-prefix@0.1.5 want: ^1.0.0
693 silly placeDep node_modules/global-prefix is-windows@0.2.0 OK for: global-prefix@0.1.5 want: ^0.2.0
694 silly fetch manifest parse-passwd@^1.0.0
695 http fetch GET 200 https://registry.npmjs.org/parse-passwd 191ms (cache miss)
696 timing idealTree:node_modules/global-prefix Completed in 220ms
697 silly placeDep ROOT parse-passwd@1.0.0 OK for: homedir-polyfill@1.0.3 want: ^1.0.0
698 timing idealTree:node_modules/homedir-polyfill Completed in 17ms
699 timing idealTree:node_modules/os-homedir Completed in 0ms
700 timing idealTree:node_modules/parse-passwd Completed in 0ms
701 silly placeDep node_modules/set-value isobject@1.0.2 OK for: set-value@0.2.0 want: ^1.0.0
702 timing idealTree:node_modules/set-value Completed in 15ms
703 silly placeDep ROOT buffer-from@1.1.2 OK for: source-map-support@0.5.21 want: ^1.0.0
704 timing idealTree:node_modules/source-map-support Completed in 16ms
705 timing idealTree:node_modules/buffer-from Completed in 0ms
706 timing idealTree:node_modules/starts-with Completed in 0ms
707 timing idealTree:node_modules/string-template Completed in 0ms
708 silly placeDep ROOT char-regex@1.0.2 OK for: stringz@2.1.0 want: ^1.0.2
709 timing idealTree:node_modules/stringz Completed in 12ms
710 timing idealTree:node_modules/char-regex Completed in 0ms
711 timing idealTree:node_modules/through2 Completed in 0ms
712 silly placeDep node_modules/translate-google-api axios@0.20.0 OK for: translate-google-api@1.0.4 want: ^0.20.0
713 timing idealTree:node_modules/translate-google-api Completed in 10ms
714 timing idealTree:node_modules/ts-mixer Completed in 0ms
715 timing idealTree:node_modules/unc-path-regex Completed in 0ms
716 silly placeDep ROOT is-arguments@1.1.1 OK for: util@0.12.5 want: ^1.0.4
717 silly placeDep ROOT is-generator-function@1.0.10 OK for: util@0.12.5 want: ^1.0.7
718 silly placeDep ROOT is-typed-array@1.1.10 OK for: util@0.12.5 want: ^1.1.3
719 silly placeDep ROOT which-typed-array@1.1.9 OK for: util@0.12.5 want: ^1.1.2
720 silly fetch manifest has-tostringtag@^1.0.0
721 silly fetch manifest available-typed-arrays@^1.0.5
722 silly fetch manifest for-each@^0.3.3
723 silly fetch manifest gopd@^1.0.1
724 http fetch GET 200 https://registry.npmjs.org/for-each 137ms (cache miss)
725 http fetch GET 200 https://registry.npmjs.org/gopd 135ms (cache miss)
726 http fetch GET 200 https://registry.npmjs.org/has-tostringtag 159ms (cache miss)
727 http fetch GET 200 https://registry.npmjs.org/available-typed-arrays 158ms (cache miss)
728 timing idealTree:node_modules/util Completed in 223ms
729 silly placeDep ROOT has-tostringtag@1.0.0 OK for: is-arguments@1.1.1 want: ^1.0.0
730 timing idealTree:node_modules/is-arguments Completed in 14ms
731 timing idealTree:node_modules/has-tostringtag Completed in 0ms
732 timing idealTree:node_modules/is-generator-function Completed in 0ms
733 silly placeDep ROOT available-typed-arrays@1.0.5 OK for: is-typed-array@1.1.10 want: ^1.0.5
734 silly placeDep ROOT for-each@0.3.3 OK for: is-typed-array@1.1.10 want: ^0.3.3
735 silly placeDep ROOT gopd@1.0.1 OK for: is-typed-array@1.1.10 want: ^1.0.1
736 silly fetch manifest is-callable@^1.1.3
737 silly fetch manifest get-intrinsic@^1.1.3
738 http fetch GET 200 https://registry.npmjs.org/is-callable 131ms (cache miss)
739 http fetch GET 200 https://registry.npmjs.org/get-intrinsic 508ms (cache miss)
740 timing idealTree:node_modules/is-typed-array Completed in 556ms
741 timing idealTree:node_modules/available-typed-arrays Completed in 0ms
742 silly placeDep ROOT is-callable@1.2.7 OK for: for-each@0.3.3 want: ^1.1.3
743 timing idealTree:node_modules/for-each Completed in 14ms
744 silly placeDep ROOT get-intrinsic@1.2.0 REPLACE for: gopd@1.0.1 want: ^1.1.3
745 timing idealTree:node_modules/gopd Completed in 22ms
746 timing idealTree:node_modules/get-intrinsic Completed in 0ms
747 timing idealTree:node_modules/is-callable Completed in 0ms
748 timing idealTree:node_modules/validator Completed in 0ms
749 timing idealTree:node_modules/which-typed-array Completed in 0ms
750 timing idealTree:node_modules/@adiwajshing/baileys/node_modules/libsignal Completed in 0ms
751 timing idealTree:node_modules/@discordjs/builders/node_modules/discord-api-types Completed in 0ms
752 timing idealTree:node_modules/@types/node-fetch/node_modules/form-data Completed in 1ms
753 silly placeDep node_modules/@vitalets/google-translate-api dot-prop@5.3.0 OK for: configstore@5.0.1 want: ^5.2.0
754 silly placeDep node_modules/@vitalets/google-translate-api unique-string@2.0.0 OK for: configstore@5.0.1 want: ^2.0.0
755 silly placeDep node_modules/@vitalets/google-translate-api xdg-basedir@4.0.0 OK for: configstore@5.0.1 want: ^4.0.0
756 silly fetch manifest crypto-random-string@^2.0.0
757 http fetch GET 200 https://registry.npmjs.org/crypto-random-string 210ms (cache miss)
758 timing idealTree:node_modules/@vitalets/google-translate-api/node_modules/configstore Completed in 239ms
759 timing idealTree:node_modules/@vitalets/google-translate-api/node_modules/dot-prop Completed in 0ms
760 silly placeDep node_modules/@vitalets/google-translate-api @sindresorhus/is@0.14.0 OK for: got@9.6.0 want: ^0.14.0
761 silly placeDep node_modules/@vitalets/google-translate-api @szmarczak/http-timer@1.1.2 OK for: got@9.6.0 want: ^1.1.2
762 silly placeDep node_modules/@vitalets/google-translate-api cacheable-request@6.1.0 OK for: got@9.6.0 want: ^6.0.0
763 silly placeDep node_modules/@vitalets/google-translate-api decompress-response@3.3.0 OK for: got@9.6.0 want: ^3.3.0
764 silly placeDep ROOT duplexer3@0.1.5 OK for: got@9.6.0 want: ^0.1.4
765 silly placeDep node_modules/@vitalets/google-translate-api/node_modules/got get-stream@4.1.0 OK for: got@9.6.0 want: ^4.1.0
766 silly placeDep node_modules/@vitalets/google-translate-api/node_modules/got lowercase-keys@1.0.1 OK for: got@9.6.0 want: ^1.0.1
767 silly placeDep node_modules/@vitalets/google-translate-api p-cancelable@1.1.0 OK for: got@9.6.0 want: ^1.0.0
768 silly placeDep ROOT to-readable-stream@1.0.0 OK for: got@9.6.0 want: ^1.0.0
769 silly placeDep ROOT url-parse-lax@3.0.0 OK for: got@9.6.0 want: ^3.0.0
770 silly fetch manifest defer-to-connect@^1.0.1
771 silly fetch manifest keyv@^3.0.0
772 silly fetch manifest normalize-url@^4.1.0
773 silly fetch manifest responselike@^1.0.2
774 silly fetch manifest prepend-http@^2.0.0
775 http fetch GET 200 https://registry.npmjs.org/prepend-http 164ms (cache miss)
776 http fetch GET 200 https://registry.npmjs.org/responselike 252ms (cache miss)
777 http fetch GET 200 https://registry.npmjs.org/keyv 1442ms (cache miss)
778 http fetch GET 200 https://registry.npmjs.org/defer-to-connect 1474ms (cache miss)
779 http fetch GET 200 https://registry.npmjs.org/normalize-url 1480ms (cache miss)
780 timing idealTree:node_modules/@vitalets/google-translate-api/node_modules/got Completed in 1605ms
781 timing idealTree:node_modules/duplexer3 Completed in 0ms
782 timing idealTree:node_modules/to-readable-stream Completed in 0ms
783 silly placeDep ROOT prepend-http@2.0.0 OK for: url-parse-lax@3.0.0 want: ^2.0.0
784 timing idealTree:node_modules/url-parse-lax Completed in 13ms
785 timing idealTree:node_modules/prepend-http Completed in 0ms
786 timing idealTree:node_modules/@vitalets/google-translate-api/node_modules/@sindresorhus/is Completed in 0ms
787 silly placeDep node_modules/@vitalets/google-translate-api defer-to-connect@1.1.3 OK for: @szmarczak/http-timer@1.1.2 want: ^1.0.1
788 timing idealTree:node_modules/@vitalets/google-translate-api/node_modules/@szmarczak/http-timer Completed in 10ms
789 silly placeDep node_modules/@vitalets/google-translate-api keyv@3.1.0 OK for: cacheable-request@6.1.0 want: ^3.0.0
790 silly placeDep node_modules/@vitalets/google-translate-api normalize-url@4.5.1 OK for: cacheable-request@6.1.0 want: ^4.1.0
791 silly placeDep node_modules/@vitalets/google-translate-api responselike@1.0.2 OK for: cacheable-request@6.1.0 want: ^1.0.2
792 silly fetch manifest json-buffer@3.0.0
793 silly fetch manifest lowercase-keys@^1.0.0
794 http fetch GET 200 https://registry.npmjs.org/json-buffer 201ms (cache miss)
795 timing idealTree:node_modules/@vitalets/google-translate-api/node_modules/cacheable-request Completed in 238ms
796 timing idealTree:node_modules/@vitalets/google-translate-api/node_modules/decompress-response Completed in 1ms
797 timing idealTree:node_modules/@vitalets/google-translate-api/node_modules/defer-to-connect Completed in 0ms
798 silly placeDep node_modules/@vitalets/google-translate-api json-buffer@3.0.0 OK for: keyv@3.1.0 want: 3.0.0
799 timing idealTree:node_modules/@vitalets/google-translate-api/node_modules/keyv Completed in 37ms
800 timing idealTree:node_modules/@vitalets/google-translate-api/node_modules/json-buffer Completed in 0ms
801 timing idealTree:node_modules/@vitalets/google-translate-api/node_modules/normalize-url Completed in 0ms
802 timing idealTree:node_modules/@vitalets/google-translate-api/node_modules/p-cancelable Completed in 0ms
803 silly placeDep node_modules/@vitalets/google-translate-api/node_modules/responselike lowercase-keys@1.0.1 OK for: responselike@1.0.2 want: ^1.0.0
804 timing idealTree:node_modules/@vitalets/google-translate-api/node_modules/responselike Completed in 32ms
805 silly placeDep node_modules/@vitalets/google-translate-api crypto-random-string@2.0.0 OK for: unique-string@2.0.0 want: ^2.0.0
806 timing idealTree:node_modules/@vitalets/google-translate-api/node_modules/unique-string Completed in 23ms
807 timing idealTree:node_modules/@vitalets/google-translate-api/node_modules/crypto-random-string Completed in 0ms
808 timing idealTree:node_modules/@vitalets/google-translate-api/node_modules/xdg-basedir Completed in 0ms
809 timing idealTree:node_modules/acrcloud/node_modules/form-data Completed in 2ms
810 silly placeDep node_modules/acrcloud whatwg-url@5.0.0 OK for: node-fetch@2.6.9 want: ^5.0.0
811 silly fetch manifest tr46@~0.0.3
812 silly fetch manifest webidl-conversions@^3.0.0
813 http fetch GET 200 https://registry.npmjs.org/tr46 332ms (cache miss)
814 timing idealTree:node_modules/acrcloud/node_modules/node-fetch Completed in 365ms
815 silly placeDep node_modules/acrcloud tr46@0.0.3 OK for: whatwg-url@5.0.0 want: ~0.0.3
816 silly placeDep node_modules/acrcloud webidl-conversions@3.0.1 OK for: whatwg-url@5.0.0 want: ^3.0.0
817 timing idealTree:node_modules/acrcloud/node_modules/whatwg-url Completed in 50ms
818 timing idealTree:node_modules/acrcloud/node_modules/tr46 Completed in 0ms
819 timing idealTree:node_modules/acrcloud/node_modules/webidl-conversions Completed in 0ms
820 silly placeDep node_modules/discord.js whatwg-url@5.0.0 OK for: node-fetch@2.6.9 want: ^5.0.0
821 timing idealTree:node_modules/discord.js/node_modules/node-fetch Completed in 25ms
822 silly placeDep node_modules/discord.js tr46@0.0.3 OK for: whatwg-url@5.0.0 want: ~0.0.3
823 silly placeDep node_modules/discord.js webidl-conversions@3.0.1 OK for: whatwg-url@5.0.0 want: ^3.0.0
824 timing idealTree:node_modules/discord.js/node_modules/whatwg-url Completed in 32ms
825 timing idealTree:node_modules/discord.js/node_modules/tr46 Completed in 0ms
826 timing idealTree:node_modules/discord.js/node_modules/webidl-conversions Completed in 0ms
827 timing idealTree:node_modules/discord.js/node_modules/ws Completed in 0ms
828 silly fetch manifest utf-8-validate@^5.0.2
829 silly placeDep node_modules/emoji-api cssom@0.4.4 OK for: jsdom@16.7.0 want: ^0.4.4
830 silly placeDep node_modules/emoji-api data-urls@2.0.0 OK for: jsdom@16.7.0 want: ^2.0.0
831 silly placeDep node_modules/emoji-api domexception@2.0.1 OK for: jsdom@16.7.0 want: ^2.0.1
832 silly placeDep node_modules/emoji-api form-data@3.0.1 OK for: jsdom@16.7.0 want: ^3.0.0
833 silly placeDep node_modules/emoji-api html-encoding-sniffer@2.0.1 OK for: jsdom@16.7.0 want: ^2.0.1
834 silly placeDep node_modules/emoji-api http-proxy-agent@4.0.1 OK for: jsdom@16.7.0 want: ^4.0.1
835 silly placeDep node_modules/emoji-api parse5@6.0.1 OK for: jsdom@16.7.0 want: 6.0.1
836 silly placeDep node_modules/emoji-api w3c-xmlserializer@2.0.0 OK for: jsdom@16.7.0 want: ^2.0.0
837 silly placeDep node_modules/emoji-api webidl-conversions@6.1.0 OK for: jsdom@16.7.0 want: ^6.1.0
838 silly placeDep node_modules/emoji-api whatwg-encoding@1.0.5 OK for: jsdom@16.7.0 want: ^1.0.5
839 silly placeDep node_modules/emoji-api whatwg-mimetype@2.3.0 OK for: jsdom@16.7.0 want: ^2.3.0
840 silly placeDep node_modules/emoji-api whatwg-url@8.7.0 OK for: jsdom@16.7.0 want: ^8.5.0
841 silly placeDep node_modules/emoji-api ws@7.5.9 OK for: jsdom@16.7.0 want: ^7.4.6
842 silly placeDep node_modules/emoji-api xml-name-validator@3.0.0 OK for: jsdom@16.7.0 want: ^3.0.0
843 silly fetch manifest webidl-conversions@^5.0.0
844 silly fetch manifest @tootallnate/once@1
845 silly fetch manifest debug@4
846 silly fetch manifest tr46@^2.1.0
847 http fetch GET 200 https://registry.npmjs.org/debug 308ms (cache miss)
848 http fetch GET 200 https://registry.npmjs.org/@tootallnate%2fonce 608ms (cache miss)
849 timing idealTree:node_modules/emoji-api/node_modules/jsdom Completed in 831ms
850 timing idealTree:node_modules/emoji-api/node_modules/cssom Completed in 1ms
851 timing idealTree:node_modules/emoji-api/node_modules/data-urls Completed in 0ms
852 silly placeDep node_modules/emoji-api/node_modules/domexception webidl-conversions@5.0.0 OK for: domexception@2.0.1 want: ^5.0.0
853 timing idealTree:node_modules/emoji-api/node_modules/domexception Completed in 53ms
854 timing idealTree:node_modules/emoji-api/node_modules/form-data Completed in 0ms
855 timing idealTree:node_modules/emoji-api/node_modules/html-encoding-sniffer Completed in 0ms
856 silly placeDep node_modules/emoji-api @tootallnate/once@1.1.2 OK for: http-proxy-agent@4.0.1 want: 1
857 silly placeDep node_modules/emoji-api debug@4.3.4 OK for: http-proxy-agent@4.0.1 want: 4
858 silly fetch manifest ms@2.1.2
859 http fetch GET 200 https://registry.npmjs.org/ms 575ms (cache miss)
860 timing idealTree:node_modules/emoji-api/node_modules/http-proxy-agent Completed in 621ms
861 timing idealTree:node_modules/emoji-api/node_modules/@tootallnate/once Completed in 0ms
862 silly placeDep node_modules/emoji-api ms@2.1.2 OK for: debug@4.3.4 want: 2.1.2
863 timing idealTree:node_modules/emoji-api/node_modules/debug Completed in 11ms
864 timing idealTree:node_modules/emoji-api/node_modules/ms Completed in 0ms
865 timing idealTree:node_modules/emoji-api/node_modules/parse5 Completed in 0ms
866 timing idealTree:node_modules/emoji-api/node_modules/w3c-xmlserializer Completed in 0ms
867 timing idealTree:node_modules/emoji-api/node_modules/webidl-conversions Completed in 0ms
868 timing idealTree:node_modules/emoji-api/node_modules/whatwg-encoding Completed in 0ms
869 timing idealTree:node_modules/emoji-api/node_modules/whatwg-mimetype Completed in 0ms
870 silly placeDep node_modules/emoji-api tr46@2.1.0 OK for: whatwg-url@8.7.0 want: ^2.1.0
871 timing idealTree:node_modules/emoji-api/node_modules/whatwg-url Completed in 13ms
872 timing idealTree:node_modules/emoji-api/node_modules/tr46 Completed in 0ms
873 timing idealTree:node_modules/emoji-api/node_modules/ws Completed in 1ms
874 timing idealTree:node_modules/emoji-api/node_modules/xml-name-validator Completed in 0ms
875 timing idealTree:node_modules/export-files/node_modules/lazy-cache Completed in 0ms
876 timing idealTree:node_modules/fb-downloader-scrapper/node_modules/axios Completed in 0ms
877 timing idealTree:node_modules/fg-ig/node_modules/axios Completed in 0ms
878 silly placeDep node_modules/fill-range kind-of@3.2.2 OK for: is-number@2.1.0 want: ^3.0.2
879 timing idealTree:node_modules/fill-range/node_modules/is-number Completed in 10ms
880 timing idealTree:node_modules/fill-range/node_modules/kind-of Completed in 0ms
881 silly placeDep node_modules/findup-sync arr-diff@2.0.0 OK for: micromatch@2.3.11 want: ^2.0.0
882 silly placeDep node_modules/findup-sync kind-of@3.2.2 OK for: micromatch@2.3.11 want: ^3.0.2
883 silly placeDep ROOT normalize-path@2.1.1 OK for: micromatch@2.3.11 want: ^2.0.1
884 silly placeDep node_modules/findup-sync object.omit@2.0.1 OK for: micromatch@2.3.11 want: ^2.0.0
885 silly fetch manifest remove-trailing-separator@^1.0.1
886 http fetch GET 200 https://registry.npmjs.org/remove-trailing-separator 1037ms (cache miss)
887 timing idealTree:node_modules/findup-sync/node_modules/micromatch Completed in 1080ms
888 silly placeDep ROOT remove-trailing-separator@1.1.0 OK for: normalize-path@2.1.1 want: ^1.0.1
889 timing idealTree:node_modules/normalize-path Completed in 13ms
890 timing idealTree:node_modules/remove-trailing-separator Completed in 0ms
891 timing idealTree:node_modules/findup-sync/node_modules/arr-diff Completed in 0ms
892 timing idealTree:node_modules/findup-sync/node_modules/kind-of Completed in 0ms
893 timing idealTree:node_modules/findup-sync/node_modules/object.omit Completed in 0ms
894 timing idealTree:node_modules/for-own/node_modules/for-in Completed in 0ms
895 timing idealTree:node_modules/get-value/node_modules/lazy-cache Completed in 0ms
896 timing idealTree:node_modules/glob-base/node_modules/glob-parent Completed in 0ms
897 silly placeDep node_modules/glob-fs-gitignore arr-diff@2.0.0 OK for: micromatch@2.3.11 want: ^2.0.0
898 silly placeDep node_modules/glob-fs-gitignore kind-of@3.2.2 OK for: micromatch@2.3.11 want: ^3.0.2
899 silly placeDep node_modules/glob-fs-gitignore object.omit@2.0.1 OK for: micromatch@2.3.11 want: ^2.0.0
900 timing idealTree:node_modules/glob-fs-gitignore/node_modules/micromatch Completed in 41ms
901 timing idealTree:node_modules/glob-fs-gitignore/node_modules/arr-diff Completed in 0ms
902 timing idealTree:node_modules/glob-fs-gitignore/node_modules/kind-of Completed in 0ms
903 timing idealTree:node_modules/glob-fs-gitignore/node_modules/object.omit Completed in 0ms
904 timing idealTree:node_modules/glob-fs/node_modules/async Completed in 0ms
905 timing idealTree:node_modules/glob-fs/node_modules/kind-of Completed in 0ms
906 timing idealTree:node_modules/global-modules/node_modules/is-windows Completed in 0ms
907 timing idealTree:node_modules/global-prefix/node_modules/is-windows Completed in 0ms
908 timing idealTree:node_modules/hxz-api/node_modules/axios Completed in 0ms
909 timing idealTree:node_modules/is-absolute/node_modules/is-windows Completed in 0ms
910 timing idealTree:node_modules/javascript-obfuscator/node_modules/acorn Completed in 0ms
911 silly placeDep node_modules/javascript-obfuscator supports-color@7.2.0 OK for: chalk@4.1.2 want: ^7.1.0
912 silly fetch manifest has-flag@^4.0.0
913 http fetch GET 200 https://registry.npmjs.org/has-flag 1209ms (cache miss)
914 timing idealTree:node_modules/javascript-obfuscator/node_modules/chalk Completed in 1228ms
915 timing idealTree:node_modules/javascript-obfuscator/node_modules/mkdirp Completed in 0ms
916 silly placeDep node_modules/javascript-obfuscator has-flag@4.0.0 OK for: supports-color@7.2.0 want: ^4.0.0
917 timing idealTree:node_modules/javascript-obfuscator/node_modules/supports-color Completed in 22ms
918 timing idealTree:node_modules/javascript-obfuscator/node_modules/has-flag Completed in 0ms
919 timing idealTree:node_modules/javascript-obfuscator/node_modules/tslib Completed in 0ms
920 timing idealTree:node_modules/micromatch/node_modules/is-glob Completed in 0ms
921 timing idealTree:node_modules/micromatch/node_modules/kind-of Completed in 1ms
922 timing idealTree:node_modules/object-visit/node_modules/isobject Completed in 0ms
923 timing idealTree:node_modules/object.omit/node_modules/isobject Completed in 0ms
924 timing idealTree:node_modules/randomatic/node_modules/is-number Completed in 0ms
925 timing idealTree:node_modules/set-value/node_modules/isobject Completed in 1ms
926 timing idealTree:node_modules/translate-google-api/node_modules/axios Completed in 1ms
927 timing idealTree:node_modules/@vitalets/google-translate-api/node_modules/got/node_modules/get-stream Completed in 0ms
928 timing idealTree:node_modules/@vitalets/google-translate-api/node_modules/got/node_modules/lowercase-keys Completed in 0ms
929 timing idealTree:node_modules/@vitalets/google-translate-api/node_modules/responselike/node_modules/lowercase-keys Completed in 0ms
930 timing idealTree:node_modules/emoji-api/node_modules/domexception/node_modules/webidl-conversions Completed in 0ms
931 timing idealTree:buildDeps Completed in 436958ms
932 timing idealTree:fixDepFlags Completed in 142ms
933 timing idealTree Completed in 442119ms
934 timing command:install Completed in 442161ms
935 verbose stack Error: An unknown git error occurred
935 verbose stack     at makeError (/data/data/com.termux/files/usr/lib/node_modules/npm/node_modules/@npmcli/git/lib/make-error.js:28:13)
935 verbose stack     at /data/data/com.termux/files/usr/lib/node_modules/npm/node_modules/@npmcli/git/lib/spawn.js:37:26
936 verbose cwd /storage/emulated/0/Download/PanelSync
937 verbose Linux 4.19.127-gaff2307ea494-dirty
938 verbose node v19.4.0
939 verbose npm  v9.2.0
940 error code 128
941 error An unknown git error occurred
942 error command git --no-replace-objects ls-remote ssh://git@github.com/ferhacks/libsignal-node.git
943 error ssh -oStrictHostKeyChecking=accept-new: 1: ssh: not found
943 error fatal: Could not read from remote repository.
943 error
943 error Please make sure you have the correct access rights
943 error and the repository exists.
944 verbose exit 128
945 timing npm Completed in 442561ms
946 verbose unfinished npm timer reify 1675557968005
947 verbose unfinished npm timer reify:loadTrees 1675557968016
948 verbose code 128
949 error A complete log of this run can be found in:
949 error     /data/data/com.termux/files/home/.npm/_logs/2023-02-05T00_46_07_658Z-debug-0.log
