0 verbose cli /data/data/com.termux/files/usr/bin/node /data/data/com.termux/files/usr/bin/npm
1 info using npm@9.2.0
2 info using node@v19.4.0
3 timing npm:load:whichnode Completed in 2ms
4 timing config:load:defaults Completed in 15ms
5 timing config:load:file:/data/data/com.termux/files/usr/lib/node_modules/npm/npmrc Completed in 3ms
6 timing config:load:builtin Completed in 5ms
7 timing config:load:cli Completed in 12ms
8 timing config:load:env Completed in 2ms
9 timing config:load:file:/storage/emulated/0/NEW/.npmrc Completed in 34ms
10 timing config:load:project Completed in 98ms
11 timing config:load:file:/data/data/com.termux/files/home/.npmrc Completed in 22ms
12 timing config:load:user Completed in 24ms
13 timing config:load:file:/data/data/com.termux/files/usr/etc/npmrc Completed in 1ms
14 timing config:load:global Completed in 3ms
15 timing config:load:setEnvs Completed in 9ms
16 timing config:load Completed in 176ms
17 timing npm:load:configload Completed in 177ms
18 timing npm:load:mkdirpcache Completed in 3ms
19 timing npm:load:mkdirplogs Completed in 2ms
20 verbose title npm start
21 verbose argv "start"
22 timing npm:load:setTitle Completed in 17ms
23 timing config:load:flatten Completed in 35ms
24 timing npm:load:display Completed in 43ms
25 verbose logfile logs-max:10 dir:/data/data/com.termux/files/home/.npm/_logs/2023-02-04T15_36_38_689Z-
26 verbose logfile /data/data/com.termux/files/home/.npm/_logs/2023-02-04T15_36_38_689Z-debug-0.log
27 timing npm:load:logFile Completed in 38ms
28 timing npm:load:timers Completed in 1ms
29 timing npm:load:configScope Completed in 1ms
30 timing npm:load Completed in 290ms
31 silly logfile start cleaning logs, removing 1 files
32 timing config:load:flatten Completed in 5ms
33 silly logfile done cleaning log files
34 timing command:run-script Completed in 7685107ms
35 timing command:start Completed in 7685158ms
36 verbose exit 1
37 timing npm Completed in 7685564ms
38 verbose code 1
