0 verbose cli /data/data/com.termux/files/usr/bin/node /data/data/com.termux/files/usr/bin/npm
1 info using npm@9.2.0
2 info using node@v19.4.0
3 timing npm:load:whichnode Completed in 2ms
4 timing config:load:defaults Completed in 11ms
5 timing config:load:file:/data/data/com.termux/files/usr/lib/node_modules/npm/npmrc Completed in 3ms
6 timing config:load:builtin Completed in 3ms
7 timing config:load:cli Completed in 9ms
8 timing config:load:env Completed in 2ms
9 timing config:load:file:/storage/emulated/0/Download/PanelSync/.npmrc Completed in 2ms
10 timing config:load:project Completed in 56ms
11 timing config:load:file:/data/data/com.termux/files/home/.npmrc Completed in 10ms
12 timing config:load:user Completed in 11ms
13 timing config:load:file:/data/data/com.termux/files/usr/etc/npmrc Completed in 0ms
14 timing config:load:global Completed in 2ms
15 timing config:load:setEnvs Completed in 6ms
16 timing config:load Completed in 105ms
17 timing npm:load:configload Completed in 107ms
18 timing npm:load:mkdirpcache Completed in 2ms
19 timing npm:load:mkdirplogs Completed in 2ms
20 verbose title npm install
21 verbose argv "install"
22 timing npm:load:setTitle Completed in 8ms
23 timing config:load:flatten Completed in 17ms
24 timing npm:load:display Completed in 22ms
25 verbose logfile logs-max:10 dir:/data/data/com.termux/files/home/.npm/_logs/2023-02-05T00_57_02_390Z-
26 verbose logfile /data/data/com.termux/files/home/.npm/_logs/2023-02-05T00_57_02_390Z-debug-0.log
27 timing npm:load:logFile Completed in 30ms
28 timing npm:load:timers Completed in 0ms
29 timing npm:load:configScope Completed in 0ms
30 timing npm:load Completed in 180ms
31 silly logfile start cleaning logs, removing 1 files
32 timing config:load:flatten Completed in 3ms
33 timing arborist:ctor Completed in 5ms
34 silly logfile done cleaning log files
35 timing idealTree:init Completed in 4978ms
36 timing idealTree:userRequests Completed in 2ms
37 silly idealTree buildDeps
38 silly fetch manifest @adiwajshing/baileys@github:BrunoSobrino/baileys
39 silly fetch manifest @adiwajshing/keyed-db@^0.2.4
40 http fetch GET 200 https://registry.npmjs.org/@adiwajshing%2fkeyed-db 1572ms (cache revalidated)
41 silly fetch manifest jimp@*
42 http fetch GET 200 https://registry.npmjs.org/jimp 3259ms (cache updated)
43 silly fetch manifest jimp@^0.16.1
44 silly fetch manifest link-preview-js@^2.1.13
45 http fetch GET 200 https://registry.npmjs.org/link-preview-js 1182ms (cache revalidated)
46 silly fetch manifest qrcode-terminal@^0.12.0
47 http fetch GET 200 https://registry.npmjs.org/qrcode-terminal 319ms (cache revalidated)
48 silly fetch manifest sharp@^0.30.5
49 http fetch GET 200 https://registry.npmjs.org/sharp 249ms (cache revalidated)
50 silly fetch manifest @vitalets/google-translate-api@^8.0.0
51 http fetch GET 200 https://registry.npmjs.org/@vitalets%2fgoogle-translate-api 260ms (cache revalidated)
52 silly fetch manifest acrcloud@^1.4.0
53 http fetch GET 200 https://registry.npmjs.org/acrcloud 139ms (cache revalidated)
54 silly fetch manifest emoji-api@^1.0.2
55 http fetch GET 200 https://registry.npmjs.org/emoji-api 1042ms (cache revalidated)
56 silly fetch manifest fb-downloader-scrapper@^1.0.1
57 http fetch GET 200 https://registry.npmjs.org/fb-downloader-scrapper 1039ms (cache revalidated)
58 silly fetch manifest fs@^0.0.1-security
59 http fetch GET 200 https://registry.npmjs.org/fs 171ms (cache revalidated)
60 silly fetch manifest fg-ig@^0.0.1
61 http fetch GET 200 https://registry.npmjs.org/fg-ig 1017ms (cache revalidated)
62 silly fetch manifest glob-fs@^0.1.7
63 http fetch GET 200 https://registry.npmjs.org/glob-fs 1014ms (cache revalidated)
64 silly fetch manifest hispamemes@^1.0.7
65 http fetch GET 200 https://registry.npmjs.org/hispamemes 1183ms (cache revalidated)
66 silly fetch manifest hxz-api@^1.0.1
67 http fetch GET 200 https://registry.npmjs.org/hxz-api 1168ms (cache revalidated)
68 silly fetch manifest node-os-utils@^1.3.6
69 http fetch GET 200 https://registry.npmjs.org/node-os-utils 993ms (cache revalidated)
70 silly fetch manifest translate-google-api@^1.0.4
71 http fetch GET 200 https://registry.npmjs.org/translate-google-api 902ms (cache revalidated)
72 silly placeDep ROOT @adiwajshing/baileys@4.4.0 REPLACE for: MeixganBot-MD@1.3.7 want: github:BrunoSobrino/baileys
73 silly placeDep ROOT @vitalets/google-translate-api@8.0.0 OK for: MeixganBot-MD@1.3.7 want: ^8.0.0
74 silly placeDep ROOT acrcloud@1.4.0 OK for: MeixganBot-MD@1.3.7 want: ^1.4.0
75 silly placeDep ROOT emoji-api@1.0.2 REPLACE for: MeixganBot-MD@1.3.7 want: ^1.0.2
76 silly placeDep ROOT fb-downloader-scrapper@1.0.3 OK for: MeixganBot-MD@1.3.7 want: ^1.0.1
77 silly placeDep ROOT fg-ig@0.0.1 OK for: MeixganBot-MD@1.3.7 want: ^0.0.1
78 silly placeDep ROOT fs@0.0.1-security OK for: MeixganBot-MD@1.3.7 want: ^0.0.1-security
79 silly placeDep ROOT glob-fs@0.1.7 OK for: MeixganBot-MD@1.3.7 want: ^0.1.7
80 silly placeDep ROOT hispamemes@1.0.7 OK for: MeixganBot-MD@1.3.7 want: ^1.0.7
81 silly placeDep ROOT hxz-api@1.0.1 OK for: MeixganBot-MD@1.3.7 want: ^1.0.1
82 silly placeDep ROOT node-os-utils@1.3.7 OK for: MeixganBot-MD@1.3.7 want: ^1.3.6
83 silly placeDep ROOT translate-google-api@1.0.4 OK for: MeixganBot-MD@1.3.7 want: ^1.0.4
84 silly fetch manifest libsignal@github:ferhacks/libsignal-node#dev/logger
85 silly fetch manifest configstore@^5.0.1
86 silly fetch manifest got@^9.6.0
87 silly fetch manifest form-data@^2.5.1
88 silly fetch manifest node-fetch@^2.6.0
89 silly fetch manifest jsdom@^16.4.0
90 silly fetch manifest axios@^0.27.2
91 silly fetch manifest bing-scraper@^1.4.11
92 silly fetch manifest javascript-obfuscator@^4.0.0
93 silly fetch manifest async@^1.3.0
94 silly fetch manifest bluebird@^2.9.33
95 silly fetch manifest ends-with@^0.2.0
96 silly fetch manifest export-files@^2.0.1
97 silly fetch manifest extend-shallow@^2.0.0
98 silly fetch manifest get-value@^1.1.5
99 silly fetch manifest glob-fs-dotfiles@^0.1.6
100 silly fetch manifest glob-fs-gitignore@^0.1.5
101 silly fetch manifest glob-parent@^1.2.0
102 silly fetch manifest is-dotdir@^0.1.0
103 silly fetch manifest is-dotfile@^1.0.1
104 silly fetch manifest is-glob@^2.0.0
105 silly fetch manifest is-windows@^0.1.0
106 silly fetch manifest kind-of@^2.0.0
107 silly fetch manifest lazy-cache@^0.1.0
108 silly fetch manifest micromatch@github:jonschlinkert/micromatch#2.2.0
109 silly fetch manifest mixin-object@^2.0.0
110 silly fetch manifest object-visit@^0.1.0
111 silly fetch manifest object.omit@^1.1.0
112 silly fetch manifest parse-filepath@^0.6.1
113 silly fetch manifest relative@^3.0.1
114 silly fetch manifest set-value@^0.2.0
115 silly fetch manifest starts-with@^1.0.2
116 silly fetch manifest through2@^2.0.0
117 silly fetch manifest discord.js@^13.9.0
118 silly fetch manifest axios@^0.21.1
119 silly fetch manifest axios@^0.20.0
120 http fetch GET 200 https://registry.npmjs.org/got 1751ms (cache revalidated)
121 http fetch GET 200 https://registry.npmjs.org/bluebird 1906ms (cache revalidated)
122 http fetch GET 200 https://registry.npmjs.org/is-glob 1884ms (cache revalidated)
123 http fetch GET 200 https://registry.npmjs.org/jsdom 1995ms (cache revalidated)
124 http fetch GET 200 https://registry.npmjs.org/is-dotfile 1960ms (cache revalidated)
125 http fetch GET 200 https://registry.npmjs.org/is-windows 1956ms (cache revalidated)
126 http fetch GET 200 https://registry.npmjs.org/form-data 2074ms (cache revalidated)
127 http fetch GET 200 https://registry.npmjs.org/axios 2131ms (cache revalidated)
128 http fetch GET 200 https://registry.npmjs.org/get-value 2472ms (cache revalidated)
129 http fetch GET 200 https://registry.npmjs.org/axios 2387ms (cache revalidated)
130 http fetch GET 200 https://registry.npmjs.org/export-files 2759ms (cache revalidated)
131 http fetch GET 200 https://registry.npmjs.org/is-dotdir 2726ms (cache revalidated)
132 http fetch GET 200 https://registry.npmjs.org/configstore 2836ms (cache revalidated)
133 http fetch GET 200 https://registry.npmjs.org/ends-with 2795ms (cache revalidated)
134 http fetch GET 200 https://registry.npmjs.org/javascript-obfuscator 2830ms (cache revalidated)
135 http fetch GET 200 https://registry.npmjs.org/through2 3559ms (cache revalidated)
136 http fetch GET 200 https://registry.npmjs.org/starts-with 3578ms (cache revalidated)
137 http fetch GET 200 https://registry.npmjs.org/kind-of 3648ms (cache revalidated)
138 http fetch GET 200 https://registry.npmjs.org/object.omit 3634ms (cache revalidated)
139 http fetch GET 200 https://registry.npmjs.org/mixin-object 3650ms (cache revalidated)
140 http fetch GET 200 https://registry.npmjs.org/node-fetch 3808ms (cache revalidated)
141 http fetch GET 200 https://registry.npmjs.org/object-visit 3726ms (cache revalidated)
142 http fetch GET 200 https://registry.npmjs.org/parse-filepath 3723ms (cache revalidated)
143 http fetch GET 200 https://registry.npmjs.org/bing-scraper 3931ms (cache revalidated)
144 http fetch GET 200 https://registry.npmjs.org/relative 3800ms (cache revalidated)
145 http fetch GET 200 https://registry.npmjs.org/set-value 3800ms (cache revalidated)
146 http fetch GET 200 https://registry.npmjs.org/lazy-cache 3863ms (cache revalidated)
147 http fetch GET 200 https://registry.npmjs.org/glob-fs-dotfiles 3927ms (cache revalidated)
148 http fetch GET 200 https://registry.npmjs.org/axios 4305ms (cache revalidated)
149 http fetch GET 200 https://registry.npmjs.org/discord.js 21273ms (cache updated)
