0 verbose cli /data/data/com.termux/files/usr/bin/node /data/data/com.termux/files/usr/bin/npm
1 info using npm@9.2.0
2 info using node@v19.4.0
3 timing npm:load:whichnode Completed in 3ms
4 timing config:load:defaults Completed in 19ms
5 timing config:load:file:/data/data/com.termux/files/usr/lib/node_modules/npm/npmrc Completed in 3ms
6 timing config:load:builtin Completed in 6ms
7 timing config:load:cli Completed in 11ms
8 timing config:load:env Completed in 2ms
9 timing config:load:file:/storage/emulated/0/NEW/.npmrc Completed in 14ms
10 timing config:load:project Completed in 45ms
11 timing config:load:file:/data/data/com.termux/files/home/.npmrc Completed in 49ms
12 timing config:load:user Completed in 51ms
13 timing config:load:file:/data/data/com.termux/files/usr/etc/npmrc Completed in 4ms
14 timing config:load:global Completed in 4ms
15 timing config:load:setEnvs Completed in 8ms
16 timing config:load Completed in 154ms
17 timing npm:load:configload Completed in 156ms
18 timing npm:load:mkdirpcache Completed in 2ms
19 timing npm:load:mkdirplogs Completed in 2ms
20 verbose title npm start
21 verbose argv "start"
22 timing npm:load:setTitle Completed in 12ms
23 timing config:load:flatten Completed in 26ms
24 timing npm:load:display Completed in 34ms
25 verbose logfile logs-max:10 dir:/data/data/com.termux/files/home/.npm/_logs/2023-02-04T12_23_19_650Z-
26 verbose logfile /data/data/com.termux/files/home/.npm/_logs/2023-02-04T12_23_19_650Z-debug-0.log
27 timing npm:load:logFile Completed in 34ms
28 timing npm:load:timers Completed in 1ms
29 timing npm:load:configScope Completed in 1ms
30 timing npm:load Completed in 251ms
31 silly logfile start cleaning logs, removing 1 files
32 timing config:load:flatten Completed in 3ms
33 silly logfile done cleaning log files
34 timing command:run-script Completed in 11468580ms
35 timing command:start Completed in 11468634ms
36 verbose exit 1
37 timing npm Completed in 11468996ms
38 verbose code 1
